{"C:\\Users\\joão.miranda\\Documents\\Projects\\refind\\src\\controllers\\authController.js": {"path":"C:\\Users\\joão.miranda\\Documents\\Projects\\refind\\src\\controllers\\authController.js","statementMap":{"0":{"start":{"line":1,"column":25},"end":{"line":1,"column":50}},"1":{"start":{"line":2,"column":15},"end":{"line":2,"column":33}},"2":{"start":{"line":3,"column":15},"end":{"line":3,"column":32}},"3":{"start":{"line":4,"column":12},"end":{"line":4,"column":35}},"4":{"start":{"line":6,"column":19},"end":{"line":6,"column":53}},"5":{"start":{"line":7,"column":20},"end":{"line":7,"column":22}},"6":{"start":{"line":9,"column":17},"end":{"line":41,"column":1}},"7":{"start":{"line":10,"column":2},"end":{"line":40,"column":3}},"8":{"start":{"line":11,"column":51},"end":{"line":11,"column":59}},"9":{"start":{"line":13,"column":25},"end":{"line":13,"column":75}},"10":{"start":{"line":14,"column":4},"end":{"line":16,"column":5}},"11":{"start":{"line":15,"column":6},"end":{"line":15,"column":82}},"12":{"start":{"line":18,"column":27},"end":{"line":18,"column":67}},"13":{"start":{"line":20,"column":17},"end":{"line":28,"column":6}},"14":{"start":{"line":30,"column":4},"end":{"line":36,"column":7}},"15":{"start":{"line":38,"column":4},"end":{"line":38,"column":55}},"16":{"start":{"line":39,"column":4},"end":{"line":39,"column":69}},"17":{"start":{"line":43,"column":14},"end":{"line":75,"column":1}},"18":{"start":{"line":44,"column":2},"end":{"line":74,"column":3}},"19":{"start":{"line":45,"column":32},"end":{"line":45,"column":40}},"20":{"start":{"line":47,"column":17},"end":{"line":49,"column":6}},"21":{"start":{"line":51,"column":4},"end":{"line":53,"column":5}},"22":{"start":{"line":52,"column":6},"end":{"line":52,"column":70}},"23":{"start":{"line":55,"column":28},"end":{"line":55,"column":73}},"24":{"start":{"line":56,"column":4},"end":{"line":58,"column":5}},"25":{"start":{"line":57,"column":6},"end":{"line":57,"column":70}},"26":{"start":{"line":60,"column":25},"end":{"line":63,"column":5}},"27":{"start":{"line":65,"column":18},"end":{"line":65,"column":73}},"28":{"start":{"line":67,"column":4},"end":{"line":70,"column":7}},"29":{"start":{"line":72,"column":4},"end":{"line":72,"column":49}},"30":{"start":{"line":73,"column":4},"end":{"line":73,"column":69}},"31":{"start":{"line":77,"column":0},"end":{"line":77,"column":37}}},"fnMap":{"0":{"name":"(anonymous_0)","decl":{"start":{"line":9,"column":17},"end":{"line":9,"column":18}},"loc":{"start":{"line":9,"column":37},"end":{"line":41,"column":1}},"line":9},"1":{"name":"(anonymous_1)","decl":{"start":{"line":43,"column":14},"end":{"line":43,"column":15}},"loc":{"start":{"line":43,"column":34},"end":{"line":75,"column":1}},"line":43}},"branchMap":{"0":{"loc":{"start":{"line":6,"column":19},"end":{"line":6,"column":53}},"type":"binary-expr","locations":[{"start":{"line":6,"column":19},"end":{"line":6,"column":41}},{"start":{"line":6,"column":45},"end":{"line":6,"column":53}}],"line":6},"1":{"loc":{"start":{"line":14,"column":4},"end":{"line":16,"column":5}},"type":"if","locations":[{"start":{"line":14,"column":4},"end":{"line":16,"column":5}},{"start":{},"end":{}}],"line":14},"2":{"loc":{"start":{"line":26,"column":14},"end":{"line":26,"column":28}},"type":"binary-expr","locations":[{"start":{"line":26,"column":14},"end":{"line":26,"column":18}},{"start":{"line":26,"column":22},"end":{"line":26,"column":28}}],"line":26},"3":{"loc":{"start":{"line":51,"column":4},"end":{"line":53,"column":5}},"type":"if","locations":[{"start":{"line":51,"column":4},"end":{"line":53,"column":5}},{"start":{},"end":{}}],"line":51},"4":{"loc":{"start":{"line":56,"column":4},"end":{"line":58,"column":5}},"type":"if","locations":[{"start":{"line":56,"column":4},"end":{"line":58,"column":5}},{"start":{},"end":{}}],"line":56}},"s":{"0":1,"1":1,"2":1,"3":1,"4":1,"5":1,"6":1,"7":2,"8":2,"9":2,"10":2,"11":1,"12":1,"13":1,"14":1,"15":0,"16":0,"17":1,"18":3,"19":3,"20":3,"21":3,"22":1,"23":2,"24":2,"25":1,"26":1,"27":1,"28":1,"29":0,"30":0,"31":1},"f":{"0":2,"1":3},"b":{"0":[1,0],"1":[1,1],"2":[1,0],"3":[1,2],"4":[1,1]},"_coverageSchema":"1a1c01bbd47fc00a2c39e90264f33305004495a9","hash":"50db537cba25c53408160cc57b941c69fa46196c"}
,"C:\\Users\\joão.miranda\\Documents\\Projects\\refind\\src\\controllers\\categoryController.js": {"path":"C:\\Users\\joão.miranda\\Documents\\Projects\\refind\\src\\controllers\\categoryController.js","statementMap":{"0":{"start":{"line":1,"column":23},"end":{"line":1,"column":48}},"1":{"start":{"line":2,"column":15},"end":{"line":2,"column":33}},"2":{"start":{"line":4,"column":25},"end":{"line":12,"column":1}},"3":{"start":{"line":5,"column":2},"end":{"line":11,"column":3}},"4":{"start":{"line":6,"column":23},"end":{"line":6,"column":55}},"5":{"start":{"line":7,"column":4},"end":{"line":7,"column":25}},"6":{"start":{"line":9,"column":4},"end":{"line":9,"column":55}},"7":{"start":{"line":10,"column":4},"end":{"line":10,"column":69}},"8":{"start":{"line":14,"column":23},"end":{"line":23,"column":1}},"9":{"start":{"line":15,"column":19},"end":{"line":15,"column":27}},"10":{"start":{"line":16,"column":2},"end":{"line":22,"column":3}},"11":{"start":{"line":17,"column":24},"end":{"line":17,"column":72}},"12":{"start":{"line":18,"column":4},"end":{"line":18,"column":38}},"13":{"start":{"line":20,"column":4},"end":{"line":20,"column":53}},"14":{"start":{"line":21,"column":4},"end":{"line":21,"column":69}},"15":{"start":{"line":25,"column":24},"end":{"line":40,"column":1}},"16":{"start":{"line":26,"column":17},"end":{"line":26,"column":27}},"17":{"start":{"line":27,"column":2},"end":{"line":39,"column":3}},"18":{"start":{"line":28,"column":21},"end":{"line":30,"column":6}},"19":{"start":{"line":31,"column":4},"end":{"line":35,"column":5}},"20":{"start":{"line":32,"column":6},"end":{"line":32,"column":25}},"21":{"start":{"line":34,"column":6},"end":{"line":34,"column":66}},"22":{"start":{"line":37,"column":4},"end":{"line":37,"column":54}},"23":{"start":{"line":38,"column":4},"end":{"line":38,"column":69}},"24":{"start":{"line":42,"column":23},"end":{"line":55,"column":1}},"25":{"start":{"line":43,"column":17},"end":{"line":43,"column":27}},"26":{"start":{"line":44,"column":19},"end":{"line":44,"column":27}},"27":{"start":{"line":45,"column":2},"end":{"line":54,"column":3}},"28":{"start":{"line":46,"column":28},"end":{"line":49,"column":6}},"29":{"start":{"line":50,"column":4},"end":{"line":50,"column":30}},"30":{"start":{"line":52,"column":4},"end":{"line":52,"column":57}},"31":{"start":{"line":53,"column":4},"end":{"line":53,"column":91}},"32":{"start":{"line":57,"column":23},"end":{"line":68,"column":1}},"33":{"start":{"line":58,"column":17},"end":{"line":58,"column":27}},"34":{"start":{"line":59,"column":2},"end":{"line":67,"column":3}},"35":{"start":{"line":60,"column":4},"end":{"line":62,"column":7}},"36":{"start":{"line":63,"column":4},"end":{"line":63,"column":27}},"37":{"start":{"line":65,"column":4},"end":{"line":65,"column":55}},"38":{"start":{"line":66,"column":4},"end":{"line":66,"column":69}},"39":{"start":{"line":70,"column":0},"end":{"line":76,"column":1}}},"fnMap":{"0":{"name":"(anonymous_0)","decl":{"start":{"line":4,"column":25},"end":{"line":4,"column":26}},"loc":{"start":{"line":4,"column":45},"end":{"line":12,"column":1}},"line":4},"1":{"name":"(anonymous_1)","decl":{"start":{"line":14,"column":23},"end":{"line":14,"column":24}},"loc":{"start":{"line":14,"column":43},"end":{"line":23,"column":1}},"line":14},"2":{"name":"(anonymous_2)","decl":{"start":{"line":25,"column":24},"end":{"line":25,"column":25}},"loc":{"start":{"line":25,"column":44},"end":{"line":40,"column":1}},"line":25},"3":{"name":"(anonymous_3)","decl":{"start":{"line":42,"column":23},"end":{"line":42,"column":24}},"loc":{"start":{"line":42,"column":43},"end":{"line":55,"column":1}},"line":42},"4":{"name":"(anonymous_4)","decl":{"start":{"line":57,"column":23},"end":{"line":57,"column":24}},"loc":{"start":{"line":57,"column":43},"end":{"line":68,"column":1}},"line":57}},"branchMap":{"0":{"loc":{"start":{"line":31,"column":4},"end":{"line":35,"column":5}},"type":"if","locations":[{"start":{"line":31,"column":4},"end":{"line":35,"column":5}},{"start":{"line":33,"column":11},"end":{"line":35,"column":5}}],"line":31}},"s":{"0":1,"1":1,"2":1,"3":2,"4":2,"5":1,"6":1,"7":1,"8":1,"9":2,"10":2,"11":2,"12":1,"13":1,"14":1,"15":1,"16":3,"17":3,"18":3,"19":2,"20":1,"21":1,"22":1,"23":1,"24":1,"25":2,"26":2,"27":2,"28":2,"29":1,"30":1,"31":1,"32":1,"33":2,"34":2,"35":2,"36":1,"37":1,"38":1,"39":1},"f":{"0":2,"1":2,"2":3,"3":2,"4":2},"b":{"0":[1,1]},"_coverageSchema":"1a1c01bbd47fc00a2c39e90264f33305004495a9","hash":"20847c0271391cdc7ebdb21b64249c5088ec6a8c"}
,"C:\\Users\\joão.miranda\\Documents\\Projects\\refind\\src\\controllers\\itemsController.js": {"path":"C:\\Users\\joão.miranda\\Documents\\Projects\\refind\\src\\controllers\\itemsController.js","statementMap":{"0":{"start":{"line":1,"column":23},"end":{"line":1,"column":48}},"1":{"start":{"line":2,"column":15},"end":{"line":2,"column":33}},"2":{"start":{"line":3,"column":31},"end":{"line":3,"column":64}},"3":{"start":{"line":5,"column":17},"end":{"line":41,"column":1}},"4":{"start":{"line":6,"column":2},"end":{"line":40,"column":3}},"5":{"start":{"line":7,"column":49},"end":{"line":7,"column":58}},"6":{"start":{"line":8,"column":18},"end":{"line":8,"column":20}},"7":{"start":{"line":10,"column":4},"end":{"line":10,"column":59}},"8":{"start":{"line":10,"column":19},"end":{"line":10,"column":59}},"9":{"start":{"line":11,"column":4},"end":{"line":11,"column":75}},"10":{"start":{"line":11,"column":17},"end":{"line":11,"column":75}},"11":{"start":{"line":12,"column":4},"end":{"line":18,"column":5}},"12":{"start":{"line":13,"column":24},"end":{"line":16,"column":7}},"13":{"start":{"line":17,"column":6},"end":{"line":17,"column":59}},"14":{"start":{"line":20,"column":4},"end":{"line":20,"column":63}},"15":{"start":{"line":20,"column":13},"end":{"line":20,"column":63}},"16":{"start":{"line":22,"column":18},"end":{"line":29,"column":6}},"17":{"start":{"line":30,"column":6},"end":{"line":35,"column":9}},"18":{"start":{"line":38,"column":4},"end":{"line":38,"column":51}},"19":{"start":{"line":39,"column":4},"end":{"line":39,"column":90}},"20":{"start":{"line":43,"column":19},"end":{"line":94,"column":1}},"21":{"start":{"line":44,"column":2},"end":{"line":93,"column":3}},"22":{"start":{"line":55,"column":8},"end":{"line":55,"column":16}},"23":{"start":{"line":57,"column":4},"end":{"line":59,"column":5}},"24":{"start":{"line":58,"column":6},"end":{"line":58,"column":99}},"25":{"start":{"line":61,"column":21},"end":{"line":63,"column":6}},"26":{"start":{"line":65,"column":4},"end":{"line":67,"column":5}},"27":{"start":{"line":66,"column":6},"end":{"line":66,"column":68}},"28":{"start":{"line":69,"column":21},"end":{"line":69,"column":49}},"29":{"start":{"line":71,"column":20},"end":{"line":87,"column":6}},"30":{"start":{"line":89,"column":4},"end":{"line":89,"column":87}},"31":{"start":{"line":91,"column":4},"end":{"line":91,"column":48}},"32":{"start":{"line":92,"column":4},"end":{"line":92,"column":76}},"33":{"start":{"line":96,"column":19},"end":{"line":145,"column":1}},"34":{"start":{"line":97,"column":2},"end":{"line":144,"column":3}},"35":{"start":{"line":98,"column":19},"end":{"line":98,"column":29}},"36":{"start":{"line":107,"column":8},"end":{"line":107,"column":16}},"37":{"start":{"line":109,"column":25},"end":{"line":111,"column":6}},"38":{"start":{"line":113,"column":4},"end":{"line":115,"column":5}},"39":{"start":{"line":114,"column":6},"end":{"line":114,"column":65}},"40":{"start":{"line":117,"column":23},"end":{"line":124,"column":5}},"41":{"start":{"line":126,"column":4},"end":{"line":128,"column":5}},"42":{"start":{"line":127,"column":6},"end":{"line":127,"column":51}},"43":{"start":{"line":130,"column":23},"end":{"line":134,"column":6}},"44":{"start":{"line":136,"column":4},"end":{"line":139,"column":7}},"45":{"start":{"line":142,"column":4},"end":{"line":142,"column":49}},"46":{"start":{"line":143,"column":4},"end":{"line":143,"column":90}},"47":{"start":{"line":147,"column":19},"end":{"line":169,"column":1}},"48":{"start":{"line":148,"column":2},"end":{"line":168,"column":3}},"49":{"start":{"line":149,"column":19},"end":{"line":149,"column":29}},"50":{"start":{"line":151,"column":25},"end":{"line":153,"column":6}},"51":{"start":{"line":155,"column":4},"end":{"line":157,"column":5}},"52":{"start":{"line":156,"column":6},"end":{"line":156,"column":65}},"53":{"start":{"line":159,"column":4},"end":{"line":159,"column":46}},"54":{"start":{"line":161,"column":4},"end":{"line":163,"column":7}},"55":{"start":{"line":166,"column":4},"end":{"line":166,"column":50}},"56":{"start":{"line":167,"column":4},"end":{"line":167,"column":89}},"57":{"start":{"line":171,"column":0},"end":{"line":176,"column":2}}},"fnMap":{"0":{"name":"(anonymous_0)","decl":{"start":{"line":5,"column":17},"end":{"line":5,"column":18}},"loc":{"start":{"line":5,"column":37},"end":{"line":41,"column":1}},"line":5},"1":{"name":"(anonymous_1)","decl":{"start":{"line":43,"column":19},"end":{"line":43,"column":20}},"loc":{"start":{"line":43,"column":39},"end":{"line":94,"column":1}},"line":43},"2":{"name":"(anonymous_2)","decl":{"start":{"line":96,"column":19},"end":{"line":96,"column":20}},"loc":{"start":{"line":96,"column":39},"end":{"line":145,"column":1}},"line":96},"3":{"name":"(anonymous_3)","decl":{"start":{"line":147,"column":19},"end":{"line":147,"column":20}},"loc":{"start":{"line":147,"column":39},"end":{"line":169,"column":1}},"line":147}},"branchMap":{"0":{"loc":{"start":{"line":10,"column":4},"end":{"line":10,"column":59}},"type":"if","locations":[{"start":{"line":10,"column":4},"end":{"line":10,"column":59}},{"start":{},"end":{}}],"line":10},"1":{"loc":{"start":{"line":11,"column":4},"end":{"line":11,"column":75}},"type":"if","locations":[{"start":{"line":11,"column":4},"end":{"line":11,"column":75}},{"start":{},"end":{}}],"line":11},"2":{"loc":{"start":{"line":12,"column":4},"end":{"line":18,"column":5}},"type":"if","locations":[{"start":{"line":12,"column":4},"end":{"line":18,"column":5}},{"start":{},"end":{}}],"line":12},"3":{"loc":{"start":{"line":20,"column":4},"end":{"line":20,"column":63}},"type":"if","locations":[{"start":{"line":20,"column":4},"end":{"line":20,"column":63}},{"start":{},"end":{}}],"line":20},"4":{"loc":{"start":{"line":32,"column":17},"end":{"line":32,"column":127}},"type":"cond-expr","locations":[{"start":{"line":32,"column":36},"end":{"line":32,"column":76}},{"start":{"line":32,"column":79},"end":{"line":32,"column":127}}],"line":32},"5":{"loc":{"start":{"line":57,"column":4},"end":{"line":59,"column":5}},"type":"if","locations":[{"start":{"line":57,"column":4},"end":{"line":59,"column":5}},{"start":{},"end":{}}],"line":57},"6":{"loc":{"start":{"line":57,"column":8},"end":{"line":57,"column":73}},"type":"binary-expr","locations":[{"start":{"line":57,"column":8},"end":{"line":57,"column":13}},{"start":{"line":57,"column":17},"end":{"line":57,"column":28}},{"start":{"line":57,"column":32},"end":{"line":57,"column":37}},{"start":{"line":57,"column":41},"end":{"line":57,"column":50}},{"start":{"line":57,"column":54},"end":{"line":57,"column":62}},{"start":{"line":57,"column":66},"end":{"line":57,"column":73}}],"line":57},"7":{"loc":{"start":{"line":65,"column":4},"end":{"line":67,"column":5}},"type":"if","locations":[{"start":{"line":65,"column":4},"end":{"line":67,"column":5}},{"start":{},"end":{}}],"line":65},"8":{"loc":{"start":{"line":69,"column":21},"end":{"line":69,"column":49}},"type":"binary-expr","locations":[{"start":{"line":69,"column":21},"end":{"line":69,"column":25}},{"start":{"line":69,"column":29},"end":{"line":69,"column":49}}],"line":69},"9":{"loc":{"start":{"line":81,"column":16},"end":{"line":81,"column":30}},"type":"binary-expr","locations":[{"start":{"line":81,"column":16},"end":{"line":81,"column":22}},{"start":{"line":81,"column":26},"end":{"line":81,"column":30}}],"line":81},"10":{"loc":{"start":{"line":113,"column":4},"end":{"line":115,"column":5}},"type":"if","locations":[{"start":{"line":113,"column":4},"end":{"line":115,"column":5}},{"start":{},"end":{}}],"line":113},"11":{"loc":{"start":{"line":118,"column":12},"end":{"line":118,"column":37}},"type":"binary-expr","locations":[{"start":{"line":118,"column":12},"end":{"line":118,"column":16}},{"start":{"line":118,"column":20},"end":{"line":118,"column":37}}],"line":118},"12":{"loc":{"start":{"line":119,"column":12},"end":{"line":119,"column":53}},"type":"cond-expr","locations":[{"start":{"line":119,"column":19},"end":{"line":119,"column":33}},{"start":{"line":119,"column":36},"end":{"line":119,"column":53}}],"line":119},"13":{"loc":{"start":{"line":120,"column":16},"end":{"line":120,"column":49}},"type":"binary-expr","locations":[{"start":{"line":120,"column":16},"end":{"line":120,"column":24}},{"start":{"line":120,"column":28},"end":{"line":120,"column":49}}],"line":120},"14":{"loc":{"start":{"line":121,"column":15},"end":{"line":121,"column":46}},"type":"binary-expr","locations":[{"start":{"line":121,"column":15},"end":{"line":121,"column":22}},{"start":{"line":121,"column":26},"end":{"line":121,"column":46}}],"line":121},"15":{"loc":{"start":{"line":122,"column":14},"end":{"line":122,"column":43}},"type":"binary-expr","locations":[{"start":{"line":122,"column":14},"end":{"line":122,"column":20}},{"start":{"line":122,"column":24},"end":{"line":122,"column":43}}],"line":122},"16":{"loc":{"start":{"line":123,"column":13},"end":{"line":123,"column":61}},"type":"cond-expr","locations":[{"start":{"line":123,"column":35},"end":{"line":123,"column":40}},{"start":{"line":123,"column":43},"end":{"line":123,"column":61}}],"line":123},"17":{"loc":{"start":{"line":126,"column":4},"end":{"line":128,"column":5}},"type":"if","locations":[{"start":{"line":126,"column":4},"end":{"line":128,"column":5}},{"start":{},"end":{}}],"line":126},"18":{"loc":{"start":{"line":155,"column":4},"end":{"line":157,"column":5}},"type":"if","locations":[{"start":{"line":155,"column":4},"end":{"line":157,"column":5}},{"start":{},"end":{}}],"line":155}},"s":{"0":1,"1":1,"2":1,"3":1,"4":2,"5":2,"6":2,"7":2,"8":0,"9":2,"10":1,"11":2,"12":1,"13":1,"14":2,"15":1,"16":2,"17":1,"18":1,"19":1,"20":1,"21":3,"22":3,"23":3,"24":1,"25":2,"26":2,"27":1,"28":1,"29":1,"30":1,"31":0,"32":0,"33":1,"34":3,"35":3,"36":3,"37":3,"38":3,"39":1,"40":2,"41":2,"42":0,"43":2,"44":1,"45":1,"46":1,"47":1,"48":3,"49":3,"50":3,"51":3,"52":1,"53":2,"54":1,"55":1,"56":1,"57":1},"f":{"0":2,"1":3,"2":3,"3":3},"b":{"0":[0,2],"1":[1,1],"2":[1,1],"3":[1,1],"4":[1,0],"5":[1,2],"6":[3,2,2,2,2,2],"7":[1,1],"8":[1,1],"9":[1,1],"10":[1,2],"11":[2,1],"12":[0,2],"13":[2,2],"14":[2,2],"15":[2,2],"16":[0,2],"17":[0,2],"18":[1,2]},"_coverageSchema":"1a1c01bbd47fc00a2c39e90264f33305004495a9","hash":"60d1f0e9f344203d7fe85c309b1f48f6a7150529"}
,"C:\\Users\\joão.miranda\\Documents\\Projects\\refind\\src\\controllers\\userController.js": {"path":"C:\\Users\\joão.miranda\\Documents\\Projects\\refind\\src\\controllers\\userController.js","statementMap":{"0":{"start":{"line":1,"column":25},"end":{"line":1,"column":50}},"1":{"start":{"line":2,"column":15},"end":{"line":2,"column":33}},"2":{"start":{"line":3,"column":15},"end":{"line":3,"column":32}},"3":{"start":{"line":4,"column":20},"end":{"line":4,"column":22}},"4":{"start":{"line":6,"column":20},"end":{"line":29,"column":1}},"5":{"start":{"line":7,"column":49},"end":{"line":7,"column":57}},"6":{"start":{"line":9,"column":2},"end":{"line":28,"column":3}},"7":{"start":{"line":10,"column":25},"end":{"line":10,"column":29}},"8":{"start":{"line":11,"column":4},"end":{"line":13,"column":5}},"9":{"start":{"line":12,"column":6},"end":{"line":12,"column":64}},"10":{"start":{"line":15,"column":21},"end":{"line":23,"column":6}},"11":{"start":{"line":24,"column":4},"end":{"line":24,"column":35}},"12":{"start":{"line":26,"column":4},"end":{"line":26,"column":48}},"13":{"start":{"line":27,"column":4},"end":{"line":27,"column":85}},"14":{"start":{"line":31,"column":20},"end":{"line":41,"column":1}},"15":{"start":{"line":32,"column":2},"end":{"line":40,"column":3}},"16":{"start":{"line":33,"column":18},"end":{"line":35,"column":6}},"17":{"start":{"line":36,"column":4},"end":{"line":36,"column":20}},"18":{"start":{"line":38,"column":4},"end":{"line":38,"column":53}},"19":{"start":{"line":39,"column":4},"end":{"line":39,"column":69}},"20":{"start":{"line":43,"column":20},"end":{"line":58,"column":1}},"21":{"start":{"line":44,"column":17},"end":{"line":44,"column":27}},"22":{"start":{"line":45,"column":2},"end":{"line":57,"column":3}},"23":{"start":{"line":46,"column":17},"end":{"line":48,"column":6}},"24":{"start":{"line":49,"column":4},"end":{"line":53,"column":5}},"25":{"start":{"line":50,"column":6},"end":{"line":50,"column":21}},"26":{"start":{"line":52,"column":6},"end":{"line":52,"column":64}},"27":{"start":{"line":55,"column":4},"end":{"line":55,"column":52}},"28":{"start":{"line":56,"column":4},"end":{"line":56,"column":69}},"29":{"start":{"line":60,"column":23},"end":{"line":78,"column":1}},"30":{"start":{"line":61,"column":17},"end":{"line":61,"column":27}},"31":{"start":{"line":62,"column":39},"end":{"line":62,"column":47}},"32":{"start":{"line":63,"column":2},"end":{"line":77,"column":3}},"33":{"start":{"line":64,"column":24},"end":{"line":72,"column":6}},"34":{"start":{"line":73,"column":4},"end":{"line":73,"column":26}},"35":{"start":{"line":75,"column":4},"end":{"line":75,"column":55}},"36":{"start":{"line":76,"column":4},"end":{"line":76,"column":89}},"37":{"start":{"line":80,"column":23},"end":{"line":91,"column":1}},"38":{"start":{"line":81,"column":17},"end":{"line":81,"column":27}},"39":{"start":{"line":82,"column":2},"end":{"line":90,"column":3}},"40":{"start":{"line":83,"column":4},"end":{"line":85,"column":7}},"41":{"start":{"line":86,"column":4},"end":{"line":86,"column":27}},"42":{"start":{"line":88,"column":4},"end":{"line":88,"column":53}},"43":{"start":{"line":89,"column":4},"end":{"line":89,"column":69}},"44":{"start":{"line":93,"column":0},"end":{"line":99,"column":2}}},"fnMap":{"0":{"name":"(anonymous_0)","decl":{"start":{"line":6,"column":20},"end":{"line":6,"column":21}},"loc":{"start":{"line":6,"column":40},"end":{"line":29,"column":1}},"line":6},"1":{"name":"(anonymous_1)","decl":{"start":{"line":31,"column":20},"end":{"line":31,"column":21}},"loc":{"start":{"line":31,"column":40},"end":{"line":41,"column":1}},"line":31},"2":{"name":"(anonymous_2)","decl":{"start":{"line":43,"column":20},"end":{"line":43,"column":21}},"loc":{"start":{"line":43,"column":40},"end":{"line":58,"column":1}},"line":43},"3":{"name":"(anonymous_3)","decl":{"start":{"line":60,"column":23},"end":{"line":60,"column":24}},"loc":{"start":{"line":60,"column":43},"end":{"line":78,"column":1}},"line":60},"4":{"name":"(anonymous_4)","decl":{"start":{"line":80,"column":23},"end":{"line":80,"column":24}},"loc":{"start":{"line":80,"column":43},"end":{"line":91,"column":1}},"line":80}},"branchMap":{"0":{"loc":{"start":{"line":11,"column":4},"end":{"line":13,"column":5}},"type":"if","locations":[{"start":{"line":11,"column":4},"end":{"line":13,"column":5}},{"start":{},"end":{}}],"line":11},"1":{"loc":{"start":{"line":20,"column":14},"end":{"line":20,"column":29}},"type":"binary-expr","locations":[{"start":{"line":20,"column":14},"end":{"line":20,"column":18}},{"start":{"line":20,"column":22},"end":{"line":20,"column":29}}],"line":20},"2":{"loc":{"start":{"line":49,"column":4},"end":{"line":53,"column":5}},"type":"if","locations":[{"start":{"line":49,"column":4},"end":{"line":53,"column":5}},{"start":{"line":51,"column":11},"end":{"line":53,"column":5}}],"line":49}},"s":{"0":1,"1":1,"2":1,"3":1,"4":1,"5":3,"6":3,"7":3,"8":3,"9":1,"10":3,"11":2,"12":1,"13":1,"14":1,"15":2,"16":2,"17":1,"18":1,"19":1,"20":1,"21":3,"22":3,"23":3,"24":2,"25":1,"26":1,"27":1,"28":1,"29":1,"30":2,"31":2,"32":2,"33":2,"34":1,"35":1,"36":1,"37":1,"38":2,"39":2,"40":2,"41":1,"42":1,"43":1,"44":1},"f":{"0":3,"1":2,"2":3,"3":2,"4":2},"b":{"0":[1,2],"1":[3,3],"2":[1,1]},"_coverageSchema":"1a1c01bbd47fc00a2c39e90264f33305004495a9","hash":"4211d4a299cf12783a68aa6b2b3ad5753b696e7e"}
}
