TN:
SF:src\controllers\authController.js
FN:9,(anonymous_0)
FN:43,(anonymous_1)
FNF:2
FNH:2
FNDA:2,(anonymous_0)
FNDA:3,(anonymous_1)
DA:1,1
DA:2,1
DA:3,1
DA:4,1
DA:6,1
DA:7,1
DA:9,1
DA:10,2
DA:11,2
DA:13,2
DA:14,2
DA:15,1
DA:18,1
DA:20,1
DA:30,1
DA:38,0
DA:39,0
DA:43,1
DA:44,3
DA:45,3
DA:47,3
DA:51,3
DA:52,1
DA:55,2
DA:56,2
DA:57,1
DA:60,1
DA:65,1
DA:67,1
DA:72,0
DA:73,0
DA:77,1
LF:32
LH:28
BRDA:6,0,0,1
BRDA:6,0,1,0
BRDA:14,1,0,1
BRDA:14,1,1,1
BRDA:26,2,0,1
BRDA:26,2,1,0
BRDA:51,3,0,1
BRDA:51,3,1,2
BRDA:56,4,0,1
BRDA:56,4,1,1
BRF:10
BRH:8
end_of_record
TN:
SF:src\controllers\categoryController.js
FN:4,(anonymous_0)
FN:14,(anonymous_1)
FN:25,(anonymous_2)
FN:42,(anonymous_3)
FN:57,(anonymous_4)
FNF:5
FNH:5
FNDA:2,(anonymous_0)
FNDA:2,(anonymous_1)
FNDA:3,(anonymous_2)
FNDA:2,(anonymous_3)
FNDA:2,(anonymous_4)
DA:1,1
DA:2,1
DA:4,1
DA:5,2
DA:6,2
DA:7,1
DA:9,1
DA:10,1
DA:14,1
DA:15,2
DA:16,2
DA:17,2
DA:18,1
DA:20,1
DA:21,1
DA:25,1
DA:26,3
DA:27,3
DA:28,3
DA:31,2
DA:32,1
DA:34,1
DA:37,1
DA:38,1
DA:42,1
DA:43,2
DA:44,2
DA:45,2
DA:46,2
DA:50,1
DA:52,1
DA:53,1
DA:57,1
DA:58,2
DA:59,2
DA:60,2
DA:63,1
DA:65,1
DA:66,1
DA:70,1
LF:40
LH:40
BRDA:31,0,0,1
BRDA:31,0,1,1
BRF:2
BRH:2
end_of_record
TN:
SF:src\controllers\itemsController.js
FN:5,(anonymous_0)
FN:43,(anonymous_1)
FN:96,(anonymous_2)
FN:147,(anonymous_3)
FNF:4
FNH:4
FNDA:2,(anonymous_0)
FNDA:3,(anonymous_1)
FNDA:3,(anonymous_2)
FNDA:3,(anonymous_3)
DA:1,1
DA:2,1
DA:3,1
DA:5,1
DA:6,2
DA:7,2
DA:8,2
DA:10,2
DA:11,2
DA:12,2
DA:13,1
DA:17,1
DA:20,2
DA:22,2
DA:30,1
DA:38,1
DA:39,1
DA:43,1
DA:44,3
DA:55,3
DA:57,3
DA:58,1
DA:61,2
DA:65,2
DA:66,1
DA:69,1
DA:71,1
DA:89,1
DA:91,0
DA:92,0
DA:96,1
DA:97,3
DA:98,3
DA:107,3
DA:109,3
DA:113,3
DA:114,1
DA:117,2
DA:126,2
DA:127,0
DA:130,2
DA:136,1
DA:142,1
DA:143,1
DA:147,1
DA:148,3
DA:149,3
DA:151,3
DA:155,3
DA:156,1
DA:159,2
DA:161,1
DA:166,1
DA:167,1
DA:171,1
LF:55
LH:52
BRDA:10,0,0,0
BRDA:10,0,1,2
BRDA:11,1,0,1
BRDA:11,1,1,1
BRDA:12,2,0,1
BRDA:12,2,1,1
BRDA:20,3,0,1
BRDA:20,3,1,1
BRDA:32,4,0,1
BRDA:32,4,1,0
BRDA:57,5,0,1
BRDA:57,5,1,2
BRDA:57,6,0,3
BRDA:57,6,1,2
BRDA:57,6,2,2
BRDA:57,6,3,2
BRDA:57,6,4,2
BRDA:57,6,5,2
BRDA:65,7,0,1
BRDA:65,7,1,1
BRDA:69,8,0,1
BRDA:69,8,1,1
BRDA:81,9,0,1
BRDA:81,9,1,1
BRDA:113,10,0,1
BRDA:113,10,1,2
BRDA:118,11,0,2
BRDA:118,11,1,1
BRDA:119,12,0,0
BRDA:119,12,1,2
BRDA:120,13,0,2
BRDA:120,13,1,2
BRDA:121,14,0,2
BRDA:121,14,1,2
BRDA:122,15,0,2
BRDA:122,15,1,2
BRDA:123,16,0,0
BRDA:123,16,1,2
BRDA:126,17,0,0
BRDA:126,17,1,2
BRDA:155,18,0,1
BRDA:155,18,1,2
BRF:42
BRH:37
end_of_record
TN:
SF:src\controllers\userController.js
FN:6,(anonymous_0)
FN:31,(anonymous_1)
FN:43,(anonymous_2)
FN:60,(anonymous_3)
FN:80,(anonymous_4)
FNF:5
FNH:5
FNDA:3,(anonymous_0)
FNDA:2,(anonymous_1)
FNDA:3,(anonymous_2)
FNDA:2,(anonymous_3)
FNDA:2,(anonymous_4)
DA:1,1
DA:2,1
DA:3,1
DA:4,1
DA:6,1
DA:7,3
DA:9,3
DA:10,3
DA:11,3
DA:12,1
DA:15,3
DA:24,2
DA:26,1
DA:27,1
DA:31,1
DA:32,2
DA:33,2
DA:36,1
DA:38,1
DA:39,1
DA:43,1
DA:44,3
DA:45,3
DA:46,3
DA:49,2
DA:50,1
DA:52,1
DA:55,1
DA:56,1
DA:60,1
DA:61,2
DA:62,2
DA:63,2
DA:64,2
DA:73,1
DA:75,1
DA:76,1
DA:80,1
DA:81,2
DA:82,2
DA:83,2
DA:86,1
DA:88,1
DA:89,1
DA:93,1
LF:45
LH:45
BRDA:11,0,0,1
BRDA:11,0,1,2
BRDA:20,1,0,3
BRDA:20,1,1,3
BRDA:49,2,0,1
BRDA:49,2,1,1
BRF:6
BRH:6
end_of_record
